              Parameter       mean  median    best [   68% interval] [   95% interval]
 1         theta_offset 0.00225(27) 0.00221 0.00204 [ 0.0020  0.0025] [ 0.0018  0.0029]
 2              H2O rho 6.3066(52)  6.3055  6.3011 [  6.301   6.312] [  6.300   6.319]
 3        SL2 interface  19.86(15)  19.904  19.995 [  19.74   19.98] [  19.47   20.00]
 4              SL2 rho  4.321(10)  4.3208  4.3115 [  4.311   4.332] [  4.302   4.343]
 5        SL2 thickness  182.5(20) 182.486 181.751 [ 180.61  184.50] [ 178.72  186.45]
 6    ionomer interface  32.66(36)  32.772  32.892 [  32.38   32.94] [  31.69   32.99]
 7          ionomer rho  3.835(14)  3.8349  3.8232 [  3.821   3.850] [  3.808   3.865]
 8    ionomer thickness  536.7(18) 536.711 537.398 [ 534.82  538.47] [ 532.96  540.21]
 9        SL1 interface   2.42(41)   2.449   2.280 [   2.01    2.82] [   1.52    3.14]
10              SL1 rho 3.5202(94)  3.5201  3.5239 [  3.511   3.530] [  3.502   3.539]
11        SL1 thickness 199.78(26) 199.856 199.970 [ 199.60  199.97] [ 199.13  200.00]
12         Pt interface  10.33(17)  10.332  10.240 [  10.16   10.50] [   9.96   10.67]
13               Pt rho 6.28833(70) 6.28855 6.28859 [ 6.2878  6.2889] [ 6.2864  6.2890]
14         Pt thickness 152.3950(54) 152.3966 152.3991 [152.391 152.399] [152.381 152.400]
15         Ti interface   2.23(39)   2.259   2.233 [   1.84    2.62] [   1.36    2.91]
16               Ti rho -3.511(54)  -3.512  -3.482 [  -3.56   -3.46] [  -3.62   -3.40]
17         Ti thickness 26.838(12) 26.8420 26.8453 [ 26.829  26.848] [ 26.808  26.850]
18       SiOx interface    2.8(19)   2.238   1.147 [   1.34    4.01] [   1.05    7.96]
19             SiOx rho  2.216(44)   2.218   2.195 [   2.17    2.26] [   2.13    2.30]
20       SiOx thickness  20.33(29)  20.402  20.654 [  20.01   20.62] [  19.68   20.69]

Statistics and plots based on 100000 samples (100% of total samples drawn)
