              Parameter       mean  median    best [   68% interval] [   95% interval]
 1      Intensity_386_1 1.0531(30)  1.0531  1.0490 [  1.050   1.056] [  1.047   1.059]
 2        THF interface   15.9(10)  15.925  15.961 [  14.98   16.88] [  13.70   17.75]
 3              THF rho 5.8537(42)  5.8535  5.8564 [  5.850   5.857] [  5.846   5.863]
 4       CuOx interface  13.92(71)  13.917  14.154 [  13.28   14.60] [  12.54   15.28]
 5             CuOx rho   4.29(14)   4.277   4.198 [   4.15    4.41] [   4.05    4.63]
 6       CuOx thickness   25.9(24)  25.539  24.494 [  23.83   27.64] [  22.52   31.79]
 7         Cu interface   9.62(16)   9.627   9.716 [   9.46    9.79] [   9.30    9.92]
 8               Cu rho 6.3027(31)  6.3026  6.3079 [  6.300   6.306] [  6.297   6.309]
 9         Cu thickness  489.5(10) 489.555 490.302 [ 488.62  490.43] [ 487.21  491.36]
10         Ti interface   1.40(31)   1.339   1.299 [   1.10    1.72] [   1.01    2.15]
11               Ti rho -2.723(56)  -2.721  -2.756 [  -2.78   -2.67] [  -2.84   -2.62]
12         Ti thickness  28.97(20)  28.987  28.907 [  28.78   29.17] [  28.54   29.36]
13      Intensity_386_3 0.8084(95)  0.8082  0.8081 [  0.799   0.818] [  0.790   0.827]
14      Intensity_393_1 1.0367(29)  1.0367  1.0344 [  1.034   1.040] [  1.031   1.043]
15        THF interface  34.16(70)  34.320  34.019 [  33.52   34.82] [  32.35   34.97]
16       CuOx interface  17.30(76)  17.372  17.749 [  16.62   18.00] [  15.48   18.57]
17             CuOx rho   4.30(13)   4.291   4.225 [   4.18    4.42] [   4.07    4.61]
18       CuOx thickness   18.1(19)  17.845  16.958 [  16.45   19.61] [  15.33   23.13]
19         Cu interface  12.77(14)  12.773  12.726 [  12.64   12.91] [  12.51   13.04]
20         Cu thickness 509.32(52) 509.287 509.304 [ 508.81  509.83] [ 508.42  510.43]
21         Ti interface   1.24(20)   1.189   1.110 [   1.05    1.42] [   1.01    1.75]
22               Ti rho -2.494(48)  -2.493  -2.473 [  -2.54   -2.45] [  -2.59   -2.41]
23         Ti thickness  30.34(16)  30.344  30.373 [  30.17   30.49] [  29.97   30.63]
24        Intensity_tNR 0.8531(39)  0.8530  0.8541 [  0.849   0.857] [  0.846   0.861]
25         theta_offset -0.00323(43) -0.00324 -0.00274 [-0.0037 -0.0028] [-0.0040 -0.0024]
26   Cu thickness tNR 0  511.3(15) 511.296 511.212 [ 509.88  512.69] [ 508.07  514.04]
27   Cu thickness tNR 1  510.7(15) 510.739 512.000 [ 509.40  512.13] [ 507.56  513.53]
28   Cu thickness tNR 2  510.8(14) 510.844 511.312 [ 509.51  512.15] [ 507.97  513.52]
29   Cu thickness tNR 3  515.0(14) 514.975 515.643 [ 513.64  516.29] [ 512.25  517.63]
30   Cu thickness tNR 4  516.0(14) 515.980 516.331 [ 514.62  517.35] [ 513.10  518.68]
31   Cu thickness tNR 5  518.6(13) 518.594 518.180 [ 517.29  519.94] [ 515.98  521.09]
32   Cu thickness tNR 6  519.0(13) 519.004 519.039 [ 517.65  520.31] [ 516.31  521.43]
33   Cu thickness tNR 7  518.6(13) 518.635 518.251 [ 517.27  519.89] [ 515.95  521.12]
34   Cu thickness tNR 8  520.6(13) 520.579 519.236 [ 519.25  521.88] [ 517.88  523.09]
35   Cu thickness tNR 9  521.6(13) 521.577 520.793 [ 520.33  522.91] [ 519.00  524.11]
36  Cu thickness tNR 10  521.7(13) 521.735 522.212 [ 520.48  523.06] [ 519.10  524.37]
37  Cu thickness tNR 11  520.8(12) 520.790 520.857 [ 519.58  522.02] [ 518.42  523.13]
38  Cu thickness tNR 12  520.7(13) 520.733 519.380 [ 519.49  522.03] [ 518.27  523.29]
39  Cu thickness tNR 13  516.2(13) 516.190 515.964 [ 514.97  517.50] [ 513.66  518.77]
40  Cu thickness tNR 14  520.0(13) 519.988 519.753 [ 518.71  521.31] [ 517.42  522.58]

Statistics and plots based on 99000 samples (100% of total samples drawn)
