              Parameter       mean  median    best [   68% interval] [   95% interval]
 1            intensity 1.04978(21) 1.049843 1.049914 [1.04959 1.04996] [1.04924 1.04999]
 2        THF interface   10.4(13)  10.443   9.776 [   9.01   11.80] [   7.89   12.94]
 3              THF rho 5.8797(38)  5.8800  5.8829 [  5.876   5.884] [  5.872   5.887]
 4   material interface   12.9(11)  12.862  12.246 [  11.75   14.03] [  10.81   14.99]
 5         material rho   4.79(13)   4.814   4.889 [   4.64    4.92] [   4.49    4.98]
 6   material thickness   35.2(33)   35.54   37.36 [   31.5    38.6] [   28.5    40.7]
 7         Cu interface  4.858(64)   4.858   4.848 [   4.79    4.92] [   4.73    4.99]
 8               Cu rho 6.3067(21) 6.30668 6.30870 [ 6.3046  6.3088] [ 6.3024  6.3107]
 9         Cu thickness  482.9(16) 482.708 481.873 [ 481.25  484.66] [ 480.28  486.17]
10         Ti interface   9.13(14)   9.125   9.117 [   8.99    9.26] [   8.86    9.40]
11               Ti rho -1.355(20) -1.3548 -1.3513 [ -1.375  -1.336] [ -1.396  -1.317]
12         Ti thickness  36.67(14)  36.674  36.688 [  36.53   36.81] [  36.38   36.94]
13            intensity 0.9837(20) 0.98369 0.98372 [ 0.9817  0.9856] [ 0.9796  0.9874]
14        THF interface   19.2(26)  18.908  18.137 [  16.62   21.97] [  14.88   24.60]
15   material interface   12.7(11)  12.602  13.282 [  11.59   13.78] [  10.65   15.23]
16         material rho  5.272(85)   5.296   5.291 [   5.21    5.34] [   5.02    5.37]
17   material thickness   51.0(50)   52.16   52.04 [   46.6    55.5] [   37.6    57.7]
18         Cu thickness  505.0(13) 504.720 505.050 [ 503.78  506.14] [ 503.06  508.14]
19            intensity 1.0040(19) 1.00399 1.00376 [ 1.0020  1.0059] [ 1.0002  1.0077]
20        THF interface   12.9(26)   12.69   10.28 [   10.5    15.2] [    8.6    19.1]
21   material interface   13.3(11)  13.226  13.207 [  12.30   14.31] [  11.47   15.76]
22         material rho  5.531(41)   5.538   5.544 [   5.51    5.56] [   5.44    5.57]
23   material thickness   55.7(35)   56.28   56.85 [   53.3    58.4] [   47.4    60.1]
24         Cu thickness  506.5(11) 506.357 506.122 [ 505.59  507.34] [ 504.97  508.87]

Statistics and plots based on 100800 samples (100.0% of total samples drawn)
